[2025-02-26 05:42:27] To: mail@fazleryan.com
Subject: New Job Submission: asdf
Body:
Job Submission Details:

Title: asdf
Budget: MEDIUM
Location: USA, Kentucky
Script: asdf
File: No file attached
Submitted At: 2025-02-26 05:42:27

[2025-02-26 05:57:09] To: mail@fazleryan.com
Subject: New Job Submission: email test 1
Body:
Job Submission Details:

Title: email test 1
Budget: HIGH
Location: CANADA, Alberta
Script: test small script
File: 67be9f257fe09_2025-WebDeveloperInterview-Project11.pdf
Submitted At: 2025-02-26 05:57:09

[2025-02-27 01:17:18] To: mail@fazleryan.com
Subject: New Job Submission: another test
Body:
Job Submission Details:

Title: another test
Budget: LOW
Location: USA, California
Script: scipt
File: 67bfaf0e93e15_FAZLE RYANChowdhury_ApplicationForm.pdf
Submitted At: 2025-02-27 01:17:18

[2025-02-27 01:20:00] To: mail@fazleryan.com
Subject: New Job Submission: xcvxcvb
Body:
Job Submission Details:

Title: xcvxcvb
Budget: LOW
Location: USA, Georgia
Script: cvbxcbv
File: 67bfafb0ef7c9_Annual_Mortgage_Statement_Sat_Jan_06_2024.pdf
Submitted At: 2025-02-27 01:20:00

[2025-02-27 03:08:41] To: mail@fazleryan.com
Subject: New Job Submission: another test for upload
Body:
Job Submission Details:

Title: another test for upload
Budget: LOW
Location: CANADA, Ontario
Script: asdlfkj asdfaisudf alskdjf asdf
File: 67bfc9295c0af_entity.pdf.pdf
Submitted At: 2025-02-27 03:08:41

[2025-02-27 05:15:09] To: mail@fazleryan.com
Subject: New Job Submission: another test 2
Body:
Job Submission Details:

Title: another test 2
Budget: HIGH
Location: CANADA, British Columbia
Script: New script goes ehre..
File: 67bfe6cdc2e40_resume-fazle_ryan (4).docx.docx
Submitted At: 2025-02-27 05:15:09

[2025-02-27 05:17:40] To: mail@fazleryan.com
Subject: New Job Submission: Another test 3
Body:
Job Submission Details:

Title: Another test 3
Budget: LOW
Location: USA, Colorado
Script: small script for another test 3
File: 67bfe764e38ef_Fazle Ryan - Affinity.docx.docx
Submitted At: 2025-02-27 05:17:40

[2025-02-27 05:25:35] To: mail@fazleryan.com
Subject: New Job Submission: Another test 4
Body:
Job Submission Details:

Title: Another test 4
Budget: LOW
Location: CANADA, Alberta
Script: small script goes here
File: 67bfe93fcee32_PdfPayStatement (3).pdf.pdf
Submitted At: 2025-02-27 05:25:35

